<?xml version="1.0" encoding="UTF-8"?>
<!-- Generated by org.testng.reporters.JUnitReportReporter -->
<testsuite hostname="FRT-HP-180143" failures="0" tests="2" name="com.selenium.google.tests.NewTest" time="2.651" errors="0" timestamp="2 Oct 2020 08:09:38 GMT">
  <testcase classname="com.selenium.google.tests.NewTest" name="new_blankUserNameRightPasswordLoginTest" time="1.312"/>
  <testcase classname="com.selenium.google.tests.NewTest" name="new_blankUser" time="1.339"/>
</testsuite> <!-- com.selenium.google.tests.NewTest -->
