<?xml version="1.0" encoding="UTF-8"?>
<!-- Generated by org.testng.reporters.JUnitReportReporter -->
<testsuite hostname="FRT-HP-180143" failures="0" tests="2" name="com.selenium.google.tests.LoginTest" time="8.109" errors="0" timestamp="2 Oct 2020 10:45:57 GMT">
  <testcase classname="com.selenium.google.tests.LoginTest" name="a_blankUser1" time="4.494"/>
  <testcase classname="com.selenium.google.tests.LoginTest" name="b_blankUserNameRightPasswordLoginTest" time="3.615"/>
</testsuite> <!-- com.selenium.google.tests.LoginTest -->
