<?xml version="1.0" encoding="UTF-8"?>
<!-- Generated by org.testng.reporters.JUnitReportReporter -->
<testsuite hostname="FRT-HP-180143" failures="0" tests="1" name="com.selenium.google.tests.NewLogin" time="0.011" errors="0" timestamp="1 Oct 2020 18:48:40 GMT">
  <testcase classname="com.selenium.google.tests.NewLogin" name="blankUserNameRightPasswordLoginTest" time="0.011"/>
</testsuite> <!-- com.selenium.google.tests.NewLogin -->
